GMTJTAD
GMTJTAE
GMTJTAF
GMTJTBD
GMTJTBE
GMTJTBF
GMTJTCD
GMTJTCE
GMTJTCF
GMTJUAD
GMTJUAE
GMTJUAF
GMTJUBD
GMTJUBE
GMTJUBF
GMTJUCD
GMTJUCE
GMTJUCF
GMTJVAD
GMTJVAE
GMTJVAF
GMTJVBD
GMTJVBE
GMTJVBF
GMTJVCD
GMTJVCE
GMTJVCF
GMTKTAD
GMTKTAE
GMTKTAF
GMTKTBD
GMTKTBE
GMTKTBF
GMTKTCD
GMTKTCE
GMTKTCF
GMTKUAD
GMTKUAE
GMTKUAF
GMTKUBD
GMTKUBE
GMTKUBF
GMTKUCD
GMTKUCE
GMTKUCF
GMTKVAD
GMTKVAE
GMTKVAF
GMTKVBD
GMTKVBE
GMTKVBF
GMTKVCD
GMTKVCE
GMTKVCF
GMTLTAD
GMTLTAE
GMTLTAF
GMTLTBD
GMTLTBE
GMTLTBF
GMTLTCD
GMTLTCE
GMTLTCF
GMTLUAD
GMTLUAE
GMTLUAF
GMTLUBD
GMTLUBE
GMTLUBF
GMTLUCD
GMTLUCE
GMTLUCF
GMTLVAD
GMTLVAE
GMTLVAF
GMTLVBD
GMTLVBE
GMTLVBF
GMTLVCD
GMTLVCE
GMTLVCF
GMUJTAD
GMUJTAE
GMUJTAF
GMUJTBD
GMUJTBE
GMUJTBF
GMUJTCD
GMUJTCE
GMUJTCF
GMUJUAD
GMUJUAE
GMUJUAF
GMUJUBD
GMUJUBE
GMUJUBF
GMUJUCD
GMUJUCE
GMUJUCF
GMUJVAD
GMUJVAE
GMUJVAF
GMUJVBD
GMUJVBE
GMUJVBF
GMUJVCD
GMUJVCE
GMUJVCF
GMUKTAD
GMUKTAE
GMUKTAF
GMUKTBD
GMUKTBE
GMUKTBF
GMUKTCD
GMUKTCE
GMUKTCF
GMUKUAD
GMUKUAE
GMUKUAF
GMUKUBD
GMUKUBE
GMUKUBF
GMUKUCD
GMUKUCE
GMUKUCF
GMUKVAD
GMUKVAE
GMUKVAF
GMUKVBD
GMUKVBE
GMUKVBF
GMUKVCD
GMUKVCE
GMUKVCF
GMULTAD
GMULTAE
GMULTAF
GMULTBD
GMULTBE
GMULTBF
GMULTCD
GMULTCE
GMULTCF
GMULUAD
GMULUAE
GMULUAF
GMULUBD
GMULUBE
GMULUBF
GMULUCD
GMULUCE
GMULUCF
GMULVAD
GMULVAE
GMULVAF
GMULVBD
GMULVBE
GMULVBF
GMULVCD
GMULVCE
GMULVCF
GMVJTAD
GMVJTAE
GMVJTAF
GMVJTBD
GMVJTBE
GMVJTBF
GMVJTCD
GMVJTCE
GMVJTCF
GMVJUAD
GMVJUAE
GMVJUAF
GMVJUBD
GMVJUBE
GMVJUBF
GMVJUCD
GMVJUCE
GMVJUCF
GMVJVAD
GMVJVAE
GMVJVAF
GMVJVBD
GMVJVBE
GMVJVBF
GMVJVCD
GMVJVCE
GMVJVCF
GMVKTAD
GMVKTAE
GMVKTAF
GMVKTBD
GMVKTBE
GMVKTBF
GMVKTCD
GMVKTCE
GMVKTCF
GMVKUAD
GMVKUAE
GMVKUAF
GMVKUBD
GMVKUBE
GMVKUBF
GMVKUCD
GMVKUCE
GMVKUCF
GMVKVAD
GMVKVAE
GMVKVAF
GMVKVBD
GMVKVBE
GMVKVBF
GMVKVCD
GMVKVCE
GMVKVCF
GMVLTAD
GMVLTAE
GMVLTAF
GMVLTBD
GMVLTBE
GMVLTBF
GMVLTCD
GMVLTCE
GMVLTCF
GMVLUAD
GMVLUAE
GMVLUAF
GMVLUBD
GMVLUBE
GMVLUBF
GMVLUCD
GMVLUCE
GMVLUCF
GMVLVAD
GMVLVAE
GMVLVAF
GMVLVBD
GMVLVBE
GMVLVBF
GMVLVCD
GMVLVCE
GMVLVCF
GNTJTAD
GNTJTAE
GNTJTAF
GNTJTBD
GNTJTBE
GNTJTBF
GNTJTCD
GNTJTCE
GNTJTCF
GNTJUAD
GNTJUAE
GNTJUAF
GNTJUBD
GNTJUBE
GNTJUBF
GNTJUCD
GNTJUCE
GNTJUCF
GNTJVAD
GNTJVAE
GNTJVAF
GNTJVBD
GNTJVBE
GNTJVBF
GNTJVCD
GNTJVCE
GNTJVCF
GNTKTAD
GNTKTAE
GNTKTAF
GNTKTBD
GNTKTBE
GNTKTBF
GNTKTCD
GNTKTCE
GNTKTCF
GNTKUAD
GNTKUAE
GNTKUAF
GNTKUBD
GNTKUBE
GNTKUBF
GNTKUCD
GNTKUCE
GNTKUCF
GNTKVAD
GNTKVAE
GNTKVAF
GNTKVBD
GNTKVBE
GNTKVBF
GNTKVCD
GNTKVCE
GNTKVCF
GNTLTAD
GNTLTAE
GNTLTAF
GNTLTBD
GNTLTBE
GNTLTBF
GNTLTCD
GNTLTCE
GNTLTCF
GNTLUAD
GNTLUAE
GNTLUAF
GNTLUBD
GNTLUBE
GNTLUBF
GNTLUCD
GNTLUCE
GNTLUCF
GNTLVAD
GNTLVAE
GNTLVAF
GNTLVBD
GNTLVBE
GNTLVBF
GNTLVCD
GNTLVCE
GNTLVCF
GNUJTAD
GNUJTAE
GNUJTAF
GNUJTBD
GNUJTBE
GNUJTBF
GNUJTCD
GNUJTCE
GNUJTCF
GNUJUAD
GNUJUAE
GNUJUAF
GNUJUBD
GNUJUBE
GNUJUBF
GNUJUCD
GNUJUCE
GNUJUCF
GNUJVAD
GNUJVAE
GNUJVAF
GNUJVBD
GNUJVBE
GNUJVBF
GNUJVCD
GNUJVCE
GNUJVCF
GNUKTAD
GNUKTAE
GNUKTAF
GNUKTBD
GNUKTBE
GNUKTBF
GNUKTCD
GNUKTCE
GNUKTCF
GNUKUAD
GNUKUAE
GNUKUAF
GNUKUBD
GNUKUBE
GNUKUBF
GNUKUCD
GNUKUCE
GNUKUCF
GNUKVAD
GNUKVAE
GNUKVAF
GNUKVBD
GNUKVBE
GNUKVBF
GNUKVCD
GNUKVCE
GNUKVCF
GNULTAD
GNULTAE
GNULTAF
GNULTBD
GNULTBE
GNULTBF
GNULTCD
GNULTCE
GNULTCF
GNULUAD
GNULUAE
GNULUAF
GNULUBD
GNULUBE
GNULUBF
GNULUCD
GNULUCE
GNULUCF
GNULVAD
GNULVAE
GNULVAF
GNULVBD
GNULVBE
GNULVBF
GNULVCD
GNULVCE
GNULVCF
GNVJTAD
GNVJTAE
GNVJTAF
GNVJTBD
GNVJTBE
GNVJTBF
GNVJTCD
GNVJTCE
GNVJTCF
GNVJUAD
GNVJUAE
GNVJUAF
GNVJUBD
GNVJUBE
GNVJUBF
GNVJUCD
GNVJUCE
GNVJUCF
GNVJVAD
GNVJVAE
GNVJVAF
GNVJVBD
GNVJVBE
GNVJVBF
GNVJVCD
GNVJVCE
GNVJVCF
GNVKTAD
GNVKTAE
GNVKTAF
GNVKTBD
GNVKTBE
GNVKTBF
GNVKTCD
GNVKTCE
GNVKTCF
GNVKUAD
GNVKUAE
GNVKUAF
GNVKUBD
GNVKUBE
GNVKUBF
GNVKUCD
GNVKUCE
GNVKUCF
GNVKVAD
GNVKVAE
GNVKVAF
GNVKVBD
GNVKVBE
GNVKVBF
GNVKVCD
GNVKVCE
GNVKVCF
GNVLTAD
GNVLTAE
GNVLTAF
GNVLTBD
GNVLTBE
GNVLTBF
GNVLTCD
GNVLTCE
GNVLTCF
GNVLUAD
GNVLUAE
GNVLUAF
GNVLUBD
GNVLUBE
GNVLUBF
GNVLUCD
GNVLUCE
GNVLUCF
GNVLVAD
GNVLVAE
GNVLVAF
GNVLVBD
GNVLVBE
GNVLVBF
GNVLVCD
GNVLVCE
GNVLVCF
GOTJTAD
GOTJTAE
GOTJTAF
GOTJTBD
GOTJTBE
GOTJTBF
GOTJTCD
GOTJTCE
GOTJTCF
GOTJUAD
GOTJUAE
GOTJUAF
GOTJUBD
GOTJUBE
GOTJUBF
GOTJUCD
GOTJUCE
GOTJUCF
GOTJVAD
GOTJVAE
GOTJVAF
GOTJVBD
GOTJVBE
GOTJVBF
GOTJVCD
GOTJVCE
GOTJVCF
GOTKTAD
GOTKTAE
GOTKTAF
GOTKTBD
GOTKTBE
GOTKTBF
GOTKTCD
GOTKTCE
GOTKTCF
GOTKUAD
GOTKUAE
GOTKUAF
GOTKUBD
GOTKUBE
GOTKUBF
GOTKUCD
GOTKUCE
GOTKUCF
GOTKVAD
GOTKVAE
GOTKVAF
GOTKVBD
GOTKVBE
GOTKVBF
GOTKVCD
GOTKVCE
GOTKVCF
GOTLTAD
GOTLTAE
GOTLTAF
GOTLTBD
GOTLTBE
GOTLTBF
GOTLTCD
GOTLTCE
GOTLTCF
GOTLUAD
GOTLUAE
GOTLUAF
GOTLUBD
GOTLUBE
GOTLUBF
GOTLUCD
GOTLUCE
GOTLUCF
GOTLVAD
GOTLVAE
GOTLVAF
GOTLVBD
GOTLVBE
GOTLVBF
GOTLVCD
GOTLVCE
GOTLVCF
GOUJTAD
GOUJTAE
GOUJTAF
GOUJTBD
GOUJTBE
GOUJTBF
GOUJTCD
GOUJTCE
GOUJTCF
GOUJUAD
GOUJUAE
GOUJUAF
GOUJUBD
GOUJUBE
GOUJUBF
GOUJUCD
GOUJUCE
GOUJUCF
GOUJVAD
GOUJVAE
GOUJVAF
GOUJVBD
GOUJVBE
GOUJVBF
GOUJVCD
GOUJVCE
GOUJVCF
GOUKTAD
GOUKTAE
GOUKTAF
GOUKTBD
GOUKTBE
GOUKTBF
GOUKTCD
GOUKTCE
GOUKTCF
GOUKUAD
GOUKUAE
GOUKUAF
GOUKUBD
GOUKUBE
GOUKUBF
GOUKUCD
GOUKUCE
GOUKUCF
GOUKVAD
GOUKVAE
GOUKVAF
GOUKVBD
GOUKVBE
GOUKVBF
GOUKVCD
GOUKVCE
GOUKVCF
GOULTAD
GOULTAE
GOULTAF
GOULTBD
GOULTBE
GOULTBF
GOULTCD
GOULTCE
GOULTCF
GOULUAD
GOULUAE
GOULUAF
GOULUBD
GOULUBE
GOULUBF
GOULUCD
GOULUCE
GOULUCF
GOULVAD
GOULVAE
GOULVAF
GOULVBD
GOULVBE
GOULVBF
GOULVCD
GOULVCE
GOULVCF
GOVJTAD
GOVJTAE
GOVJTAF
GOVJTBD
GOVJTBE
GOVJTBF
GOVJTCD
GOVJTCE
GOVJTCF
GOVJUAD
GOVJUAE
GOVJUAF
GOVJUBD
GOVJUBE
GOVJUBF
GOVJUCD
GOVJUCE
GOVJUCF
GOVJVAD
GOVJVAE
GOVJVAF
GOVJVBD
GOVJVBE
GOVJVBF
GOVJVCD
GOVJVCE
GOVJVCF
GOVKTAD
GOVKTAE
GOVKTAF
GOVKTBD
GOVKTBE
GOVKTBF
GOVKTCD
GOVKTCE
GOVKTCF
GOVKUAD
GOVKUAE
GOVKUAF
GOVKUBD
GOVKUBE
GOVKUBF
GOVKUCD
GOVKUCE
GOVKUCF
GOVKVAD
GOVKVAE
GOVKVAF
GOVKVBD
GOVKVBE
GOVKVBF
GOVKVCD
GOVKVCE
GOVKVCF
GOVLTAD
GOVLTAE
GOVLTAF
GOVLTBD
GOVLTBE
GOVLTBF
GOVLTCD
GOVLTCE
GOVLTCF
GOVLUAD
GOVLUAE
GOVLUAF
GOVLUBD
GOVLUBE
GOVLUBF
GOVLUCD
GOVLUCE
GOVLUCF
GOVLVAD
GOVLVAE
GOVLVAF
GOVLVBD
GOVLVBE
GOVLVBF
GOVLVCD
GOVLVCE
GOVLVCF
HMTJTAD
HMTJTAE
HMTJTAF
HMTJTBD
HMTJTBE
HMTJTBF
HMTJTCD
HMTJTCE
HMTJTCF
HMTJUAD
HMTJUAE
HMTJUAF
HMTJUBD
HMTJUBE
HMTJUBF
HMTJUCD
HMTJUCE
HMTJUCF
HMTJVAD
HMTJVAE
HMTJVAF
HMTJVBD
HMTJVBE
HMTJVBF
HMTJVCD
HMTJVCE
HMTJVCF
HMTKTAD
HMTKTAE
HMTKTAF
HMTKTBD
HMTKTBE
HMTKTBF
HMTKTCD
HMTKTCE
HMTKTCF
HMTKUAD
HMTKUAE
HMTKUAF
HMTKUBD
HMTKUBE
HMTKUBF
HMTKUCD
HMTKUCE
HMTKUCF
HMTKVAD
HMTKVAE
HMTKVAF
HMTKVBD
HMTKVBE
HMTKVBF
HMTKVCD
HMTKVCE
HMTKVCF
HMTLTAD
HMTLTAE
HMTLTAF
HMTLTBD
HMTLTBE
HMTLTBF
HMTLTCD
HMTLTCE
HMTLTCF
HMTLUAD
HMTLUAE
HMTLUAF
HMTLUBD
HMTLUBE
HMTLUBF
HMTLUCD
HMTLUCE
HMTLUCF
HMTLVAD
HMTLVAE
HMTLVAF
HMTLVBD
HMTLVBE
HMTLVBF
HMTLVCD
HMTLVCE
HMTLVCF
HMUJTAD
HMUJTAE
HMUJTAF
HMUJTBD
HMUJTBE
HMUJTBF
HMUJTCD
HMUJTCE
HMUJTCF
HMUJUAD
HMUJUAE
HMUJUAF
HMUJUBD
HMUJUBE
HMUJUBF
HMUJUCD
HMUJUCE
HMUJUCF
HMUJVAD
HMUJVAE
HMUJVAF
HMUJVBD
HMUJVBE
HMUJVBF
HMUJVCD
HMUJVCE
HMUJVCF
HMUKTAD
HMUKTAE
HMUKTAF
HMUKTBD
HMUKTBE
HMUKTBF
HMUKTCD
HMUKTCE
HMUKTCF
HMUKUAD
HMUKUAE
HMUKUAF
HMUKUBD
HMUKUBE
HMUKUBF
HMUKUCD
HMUKUCE
HMUKUCF
HMUKVAD
HMUKVAE
HMUKVAF
HMUKVBD
HMUKVBE
HMUKVBF
HMUKVCD
HMUKVCE
HMUKVCF
HMULTAD
HMULTAE
HMULTAF
HMULTBD
HMULTBE
HMULTBF
HMULTCD
HMULTCE
HMULTCF
HMULUAD
HMULUAE
HMULUAF
HMULUBD
HMULUBE
HMULUBF
HMULUCD
HMULUCE
HMULUCF
HMULVAD
HMULVAE
HMULVAF
HMULVBD
HMULVBE
HMULVBF
HMULVCD
HMULVCE
HMULVCF
HMVJTAD
HMVJTAE
HMVJTAF
HMVJTBD
HMVJTBE
HMVJTBF
HMVJTCD
HMVJTCE
HMVJTCF
HMVJUAD
HMVJUAE
HMVJUAF
HMVJUBD
HMVJUBE
HMVJUBF
HMVJUCD
HMVJUCE
HMVJUCF
HMVJVAD
HMVJVAE
HMVJVAF
HMVJVBD
HMVJVBE
HMVJVBF
HMVJVCD
HMVJVCE
HMVJVCF
HMVKTAD
HMVKTAE
HMVKTAF
HMVKTBD
HMVKTBE
HMVKTBF
HMVKTCD
HMVKTCE
HMVKTCF
HMVKUAD
HMVKUAE
HMVKUAF
HMVKUBD
HMVKUBE
HMVKUBF
HMVKUCD
HMVKUCE
HMVKUCF
HMVKVAD
HMVKVAE
HMVKVAF
HMVKVBD
HMVKVBE
HMVKVBF
HMVKVCD
HMVKVCE
HMVKVCF
HMVLTAD
HMVLTAE
HMVLTAF
HMVLTBD
HMVLTBE
HMVLTBF
HMVLTCD
HMVLTCE
HMVLTCF
HMVLUAD
HMVLUAE
HMVLUAF
HMVLUBD
HMVLUBE
HMVLUBF
HMVLUCD
HMVLUCE
HMVLUCF
HMVLVAD
HMVLVAE
HMVLVAF
HMVLVBD
HMVLVBE
HMVLVBF
HMVLVCD
HMVLVCE
HMVLVCF
HNTJTAD
HNTJTAE
HNTJTAF
HNTJTBD
HNTJTBE
HNTJTBF
HNTJTCD
HNTJTCE
HNTJTCF
HNTJUAD
HNTJUAE
HNTJUAF
HNTJUBD
HNTJUBE
HNTJUBF
HNTJUCD
HNTJUCE
HNTJUCF
HNTJVAD
HNTJVAE
HNTJVAF
HNTJVBD
HNTJVBE
HNTJVBF
HNTJVCD
HNTJVCE
HNTJVCF
HNTKTAD
HNTKTAE
HNTKTAF
HNTKTBD
HNTKTBE
HNTKTBF
HNTKTCD
HNTKTCE
HNTKTCF
HNTKUAD
HNTKUAE
HNTKUAF
HNTKUBD
HNTKUBE
HNTKUBF
HNTKUCD
HNTKUCE
HNTKUCF
HNTKVAD
HNTKVAE
HNTKVAF
HNTKVBD
HNTKVBE
HNTKVBF
HNTKVCD
HNTKVCE
HNTKVCF
HNTLTAD
HNTLTAE
HNTLTAF
HNTLTBD
HNTLTBE
HNTLTBF
HNTLTCD
HNTLTCE
HNTLTCF
HNTLUAD
HNTLUAE
HNTLUAF
HNTLUBD
HNTLUBE
HNTLUBF
HNTLUCD
HNTLUCE
HNTLUCF
HNTLVAD
HNTLVAE
HNTLVAF
HNTLVBD
HNTLVBE
HNTLVBF
HNTLVCD
HNTLVCE
HNTLVCF
HNUJTAD
HNUJTAE
HNUJTAF
HNUJTBD
HNUJTBE
HNUJTBF
HNUJTCD
HNUJTCE
HNUJTCF
HNUJUAD
HNUJUAE
HNUJUAF
HNUJUBD
HNUJUBE
HNUJUBF
HNUJUCD
HNUJUCE
HNUJUCF
HNUJVAD
HNUJVAE
HNUJVAF
HNUJVBD
HNUJVBE
HNUJVBF
HNUJVCD
HNUJVCE
HNUJVCF
HNUKTAD
HNUKTAE
HNUKTAF
HNUKTBD
HNUKTBE
HNUKTBF
HNUKTCD
HNUKTCE
HNUKTCF
HNUKUAD
HNUKUAE
HNUKUAF
HNUKUBD
HNUKUBE
HNUKUBF
HNUKUCD
HNUKUCE
HNUKUCF
HNUKVAD
HNUKVAE
HNUKVAF
HNUKVBD
HNUKVBE
HNUKVBF
HNUKVCD
HNUKVCE
HNUKVCF
HNULTAD
HNULTAE
HNULTAF
HNULTBD
HNULTBE
HNULTBF
HNULTCD
HNULTCE
HNULTCF
HNULUAD
HNULUAE
HNULUAF
HNULUBD
HNULUBE
HNULUBF
HNULUCD
HNULUCE
HNULUCF
HNULVAD
HNULVAE
HNULVAF
HNULVBD
HNULVBE
HNULVBF
HNULVCD
HNULVCE
HNULVCF
HNVJTAD
HNVJTAE
HNVJTAF
HNVJTBD
HNVJTBE
HNVJTBF
HNVJTCD
HNVJTCE
HNVJTCF
HNVJUAD
HNVJUAE
HNVJUAF
HNVJUBD
HNVJUBE
HNVJUBF
HNVJUCD
HNVJUCE
HNVJUCF
HNVJVAD
HNVJVAE
HNVJVAF
HNVJVBD
HNVJVBE
HNVJVBF
HNVJVCD
HNVJVCE
HNVJVCF
HNVKTAD
HNVKTAE
HNVKTAF
HNVKTBD
HNVKTBE
HNVKTBF
HNVKTCD
HNVKTCE
HNVKTCF
HNVKUAD
HNVKUAE
HNVKUAF
HNVKUBD
HNVKUBE
HNVKUBF
HNVKUCD
HNVKUCE
HNVKUCF
HNVKVAD
HNVKVAE
HNVKVAF
HNVKVBD
HNVKVBE
HNVKVBF
HNVKVCD
HNVKVCE
HNVKVCF
HNVLTAD
HNVLTAE
HNVLTAF
HNVLTBD
HNVLTBE
HNVLTBF
HNVLTCD
HNVLTCE
HNVLTCF
HNVLUAD
HNVLUAE
HNVLUAF
HNVLUBD
HNVLUBE
HNVLUBF
HNVLUCD
HNVLUCE
HNVLUCF
HNVLVAD
HNVLVAE
HNVLVAF
HNVLVBD
HNVLVBE
HNVLVBF
HNVLVCD
HNVLVCE
HNVLVCF
HOTJTAD
HOTJTAE
HOTJTAF
HOTJTBD
HOTJTBE
HOTJTBF
HOTJTCD
HOTJTCE
HOTJTCF
HOTJUAD
HOTJUAE
HOTJUAF
HOTJUBD
HOTJUBE
HOTJUBF
HOTJUCD
HOTJUCE
HOTJUCF
HOTJVAD
HOTJVAE
HOTJVAF
HOTJVBD
HOTJVBE
HOTJVBF
HOTJVCD
HOTJVCE
HOTJVCF
HOTKTAD
HOTKTAE
HOTKTAF
HOTKTBD
HOTKTBE
HOTKTBF
HOTKTCD
HOTKTCE
HOTKTCF
HOTKUAD
HOTKUAE
HOTKUAF
HOTKUBD
HOTKUBE
HOTKUBF
HOTKUCD
HOTKUCE
HOTKUCF
HOTKVAD
HOTKVAE
HOTKVAF
HOTKVBD
HOTKVBE
HOTKVBF
HOTKVCD
HOTKVCE
HOTKVCF
HOTLTAD
HOTLTAE
HOTLTAF
HOTLTBD
HOTLTBE
HOTLTBF
HOTLTCD
HOTLTCE
HOTLTCF
HOTLUAD
HOTLUAE
HOTLUAF
HOTLUBD
HOTLUBE
HOTLUBF
HOTLUCD
HOTLUCE
HOTLUCF
HOTLVAD
HOTLVAE
HOTLVAF
HOTLVBD
HOTLVBE
HOTLVBF
HOTLVCD
HOTLVCE
HOTLVCF
HOUJTAD
HOUJTAE
HOUJTAF
HOUJTBD
HOUJTBE
HOUJTBF
HOUJTCD
HOUJTCE
HOUJTCF
HOUJUAD
HOUJUAE
HOUJUAF
HOUJUBD
HOUJUBE
HOUJUBF
HOUJUCD
HOUJUCE
HOUJUCF
HOUJVAD
HOUJVAE
HOUJVAF
HOUJVBD
HOUJVBE
HOUJVBF
HOUJVCD
HOUJVCE
HOUJVCF
HOUKTAD
HOUKTAE
HOUKTAF
HOUKTBD
HOUKTBE
HOUKTBF
HOUKTCD
HOUKTCE
HOUKTCF
HOUKUAD
HOUKUAE
HOUKUAF
HOUKUBD
HOUKUBE
HOUKUBF
HOUKUCD
HOUKUCE
HOUKUCF
HOUKVAD
HOUKVAE
HOUKVAF
HOUKVBD
HOUKVBE
HOUKVBF
HOUKVCD
HOUKVCE
HOUKVCF
HOULTAD
HOULTAE
HOULTAF
HOULTBD
HOULTBE
HOULTBF
HOULTCD
HOULTCE
HOULTCF
HOULUAD
HOULUAE
HOULUAF
HOULUBD
HOULUBE
HOULUBF
HOULUCD
HOULUCE
HOULUCF
HOULVAD
HOULVAE
HOULVAF
HOULVBD
HOULVBE
HOULVBF
HOULVCD
HOULVCE
HOULVCF
HOVJTAD
HOVJTAE
HOVJTAF
HOVJTBD
HOVJTBE
HOVJTBF
HOVJTCD
HOVJTCE
HOVJTCF
HOVJUAD
HOVJUAE
HOVJUAF
HOVJUBD
HOVJUBE
HOVJUBF
HOVJUCD
HOVJUCE
HOVJUCF
HOVJVAD
HOVJVAE
HOVJVAF
HOVJVBD
HOVJVBE
HOVJVBF
HOVJVCD
HOVJVCE
HOVJVCF
HOVKTAD
HOVKTAE
HOVKTAF
HOVKTBD
HOVKTBE
HOVKTBF
HOVKTCD
HOVKTCE
HOVKTCF
HOVKUAD
HOVKUAE
HOVKUAF
HOVKUBD
HOVKUBE
HOVKUBF
HOVKUCD
HOVKUCE
HOVKUCF
HOVKVAD
HOVKVAE
HOVKVAF
HOVKVBD
HOVKVBE
HOVKVBF
HOVKVCD
HOVKVCE
HOVKVCF
HOVLTAD
HOVLTAE
HOVLTAF
HOVLTBD
HOVLTBE
HOVLTBF
HOVLTCD
HOVLTCE
HOVLTCF
HOVLUAD
HOVLUAE
HOVLUAF
HOVLUBD
HOVLUBE
HOVLUBF
HOVLUCD
HOVLUCE
HOVLUCF
HOVLVAD
HOVLVAE
HOVLVAF
HOVLVBD
HOVLVBE
HOVLVBF
HOVLVCD
HOVLVCE
HOVLVCF
IMTJTAD
IMTJTAE
IMTJTAF
IMTJTBD
IMTJTBE
IMTJTBF
IMTJTCD
IMTJTCE
IMTJTCF
IMTJUAD
IMTJUAE
IMTJUAF
IMTJUBD
IMTJUBE
IMTJUBF
IMTJUCD
IMTJUCE
IMTJUCF
IMTJVAD
IMTJVAE
IMTJVAF
IMTJVBD
IMTJVBE
IMTJVBF
IMTJVCD
IMTJVCE
IMTJVCF
IMTKTAD
IMTKTAE
IMTKTAF
IMTKTBD
IMTKTBE
IMTKTBF
IMTKTCD
IMTKTCE
IMTKTCF
IMTKUAD
IMTKUAE
IMTKUAF
IMTKUBD
IMTKUBE
IMTKUBF
IMTKUCD
IMTKUCE
IMTKUCF
IMTKVAD
IMTKVAE
IMTKVAF
IMTKVBD
IMTKVBE
IMTKVBF
IMTKVCD
IMTKVCE
IMTKVCF
IMTLTAD
IMTLTAE
IMTLTAF
IMTLTBD
IMTLTBE
IMTLTBF
IMTLTCD
IMTLTCE
IMTLTCF
IMTLUAD
IMTLUAE
IMTLUAF
IMTLUBD
IMTLUBE
IMTLUBF
IMTLUCD
IMTLUCE
IMTLUCF
IMTLVAD
IMTLVAE
IMTLVAF
IMTLVBD
IMTLVBE
IMTLVBF
IMTLVCD
IMTLVCE
IMTLVCF
IMUJTAD
IMUJTAE
IMUJTAF
IMUJTBD
IMUJTBE
IMUJTBF
IMUJTCD
IMUJTCE
IMUJTCF
IMUJUAD
IMUJUAE
IMUJUAF
IMUJUBD
IMUJUBE
IMUJUBF
IMUJUCD
IMUJUCE
IMUJUCF
IMUJVAD
IMUJVAE
IMUJVAF
IMUJVBD
IMUJVBE
IMUJVBF
IMUJVCD
IMUJVCE
IMUJVCF
IMUKTAD
IMUKTAE
IMUKTAF
IMUKTBD
IMUKTBE
IMUKTBF
IMUKTCD
IMUKTCE
IMUKTCF
IMUKUAD
IMUKUAE
IMUKUAF
IMUKUBD
IMUKUBE
IMUKUBF
IMUKUCD
IMUKUCE
IMUKUCF
IMUKVAD
IMUKVAE
IMUKVAF
IMUKVBD
IMUKVBE
IMUKVBF
IMUKVCD
IMUKVCE
IMUKVCF
IMULTAD
IMULTAE
IMULTAF
IMULTBD
IMULTBE
IMULTBF
IMULTCD
IMULTCE
IMULTCF
IMULUAD
IMULUAE
IMULUAF
IMULUBD
IMULUBE
IMULUBF
IMULUCD
IMULUCE
IMULUCF
IMULVAD
IMULVAE
IMULVAF
IMULVBD
IMULVBE
IMULVBF
IMULVCD
IMULVCE
IMULVCF
IMVJTAD
IMVJTAE
IMVJTAF
IMVJTBD
IMVJTBE
IMVJTBF
IMVJTCD
IMVJTCE
IMVJTCF
IMVJUAD
IMVJUAE
IMVJUAF
IMVJUBD
IMVJUBE
IMVJUBF
IMVJUCD
IMVJUCE
IMVJUCF
IMVJVAD
IMVJVAE
IMVJVAF
IMVJVBD
IMVJVBE
IMVJVBF
IMVJVCD
IMVJVCE
IMVJVCF
IMVKTAD
IMVKTAE
IMVKTAF
IMVKTBD
IMVKTBE
IMVKTBF
IMVKTCD
IMVKTCE
IMVKTCF
IMVKUAD
IMVKUAE
IMVKUAF
IMVKUBD
IMVKUBE
IMVKUBF
IMVKUCD
IMVKUCE
IMVKUCF
IMVKVAD
IMVKVAE
IMVKVAF
IMVKVBD
IMVKVBE
IMVKVBF
IMVKVCD
IMVKVCE
IMVKVCF
IMVLTAD
IMVLTAE
IMVLTAF
IMVLTBD
IMVLTBE
IMVLTBF
IMVLTCD
IMVLTCE
IMVLTCF
IMVLUAD
IMVLUAE
IMVLUAF
IMVLUBD
IMVLUBE
IMVLUBF
IMVLUCD
IMVLUCE
IMVLUCF
IMVLVAD
IMVLVAE
IMVLVAF
IMVLVBD
IMVLVBE
IMVLVBF
IMVLVCD
IMVLVCE
IMVLVCF
INTJTAD
INTJTAE
INTJTAF
INTJTBD
INTJTBE
INTJTBF
INTJTCD
INTJTCE
INTJTCF
INTJUAD
INTJUAE
INTJUAF
INTJUBD
INTJUBE
INTJUBF
INTJUCD
INTJUCE
INTJUCF
INTJVAD
INTJVAE
INTJVAF
INTJVBD
INTJVBE
INTJVBF
INTJVCD
INTJVCE
INTJVCF
INTKTAD
INTKTAE
INTKTAF
INTKTBD
INTKTBE
INTKTBF
INTKTCD
INTKTCE
INTKTCF
INTKUAD
INTKUAE
INTKUAF
INTKUBD
INTKUBE
INTKUBF
INTKUCD
INTKUCE
INTKUCF
INTKVAD
INTKVAE
INTKVAF
INTKVBD
INTKVBE
INTKVBF
INTKVCD
INTKVCE
INTKVCF
INTLTAD
INTLTAE
INTLTAF
INTLTBD
INTLTBE
INTLTBF
INTLTCD
INTLTCE
INTLTCF
INTLUAD
INTLUAE
INTLUAF
INTLUBD
INTLUBE
INTLUBF
INTLUCD
INTLUCE
INTLUCF
INTLVAD
INTLVAE
INTLVAF
INTLVBD
INTLVBE
INTLVBF
INTLVCD
INTLVCE
INTLVCF
INUJTAD
INUJTAE
INUJTAF
INUJTBD
INUJTBE
INUJTBF
INUJTCD
INUJTCE
INUJTCF
INUJUAD
INUJUAE
INUJUAF
INUJUBD
INUJUBE
INUJUBF
INUJUCD
INUJUCE
INUJUCF
INUJVAD
INUJVAE
INUJVAF
INUJVBD
INUJVBE
INUJVBF
INUJVCD
INUJVCE
INUJVCF
INUKTAD
INUKTAE
INUKTAF
INUKTBD
INUKTBE
INUKTBF
INUKTCD
INUKTCE
INUKTCF
INUKUAD
INUKUAE
INUKUAF
INUKUBD
INUKUBE
INUKUBF
INUKUCD
INUKUCE
INUKUCF
INUKVAD
INUKVAE
INUKVAF
INUKVBD
INUKVBE
INUKVBF
INUKVCD
INUKVCE
INUKVCF
INULTAD
INULTAE
INULTAF
INULTBD
INULTBE
INULTBF
INULTCD
INULTCE
INULTCF
INULUAD
INULUAE
INULUAF
INULUBD
INULUBE
INULUBF
INULUCD
INULUCE
INULUCF
INULVAD
INULVAE
INULVAF
INULVBD
INULVBE
INULVBF
INULVCD
INULVCE
INULVCF
INVJTAD
INVJTAE
INVJTAF
INVJTBD
INVJTBE
INVJTBF
INVJTCD
INVJTCE
INVJTCF
INVJUAD
INVJUAE
INVJUAF
INVJUBD
INVJUBE
INVJUBF
INVJUCD
INVJUCE
INVJUCF
INVJVAD
INVJVAE
INVJVAF
INVJVBD
INVJVBE
INVJVBF
INVJVCD
INVJVCE
INVJVCF
INVKTAD
INVKTAE
INVKTAF
INVKTBD
INVKTBE
INVKTBF
INVKTCD
INVKTCE
INVKTCF
INVKUAD
INVKUAE
INVKUAF
INVKUBD
INVKUBE
INVKUBF
INVKUCD
INVKUCE
INVKUCF
INVKVAD
INVKVAE
INVKVAF
INVKVBD
INVKVBE
INVKVBF
INVKVCD
INVKVCE
INVKVCF
INVLTAD
INVLTAE
INVLTAF
INVLTBD
INVLTBE
INVLTBF
INVLTCD
INVLTCE
INVLTCF
INVLUAD
INVLUAE
INVLUAF
INVLUBD
INVLUBE
INVLUBF
INVLUCD
INVLUCE
INVLUCF
INVLVAD
INVLVAE
INVLVAF
INVLVBD
INVLVBE
INVLVBF
INVLVCD
INVLVCE
INVLVCF
IOTJTAD
IOTJTAE
IOTJTAF
IOTJTBD
IOTJTBE
IOTJTBF
IOTJTCD
IOTJTCE
IOTJTCF
IOTJUAD
IOTJUAE
IOTJUAF
IOTJUBD
IOTJUBE
IOTJUBF
IOTJUCD
IOTJUCE
IOTJUCF
IOTJVAD
IOTJVAE
IOTJVAF
IOTJVBD
IOTJVBE
IOTJVBF
IOTJVCD
IOTJVCE
IOTJVCF
IOTKTAD
IOTKTAE
IOTKTAF
IOTKTBD
IOTKTBE
IOTKTBF
IOTKTCD
IOTKTCE
IOTKTCF
IOTKUAD
IOTKUAE
IOTKUAF
IOTKUBD
IOTKUBE
IOTKUBF
IOTKUCD
IOTKUCE
IOTKUCF
IOTKVAD
IOTKVAE
IOTKVAF
IOTKVBD
IOTKVBE
IOTKVBF
IOTKVCD
IOTKVCE
IOTKVCF
IOTLTAD
IOTLTAE
IOTLTAF
IOTLTBD
IOTLTBE
IOTLTBF
IOTLTCD
IOTLTCE
IOTLTCF
IOTLUAD
IOTLUAE
IOTLUAF
IOTLUBD
IOTLUBE
IOTLUBF
IOTLUCD
IOTLUCE
IOTLUCF
IOTLVAD
IOTLVAE
IOTLVAF
IOTLVBD
IOTLVBE
IOTLVBF
IOTLVCD
IOTLVCE
IOTLVCF
IOUJTAD
IOUJTAE
IOUJTAF
IOUJTBD
IOUJTBE
IOUJTBF
IOUJTCD
IOUJTCE
IOUJTCF
IOUJUAD
IOUJUAE
IOUJUAF
IOUJUBD
IOUJUBE
IOUJUBF
IOUJUCD
IOUJUCE
IOUJUCF
IOUJVAD
IOUJVAE
IOUJVAF
IOUJVBD
IOUJVBE
IOUJVBF
IOUJVCD
IOUJVCE
IOUJVCF
IOUKTAD
IOUKTAE
IOUKTAF
IOUKTBD
IOUKTBE
IOUKTBF
IOUKTCD
IOUKTCE
IOUKTCF
IOUKUAD
IOUKUAE
IOUKUAF
IOUKUBD
IOUKUBE
IOUKUBF
IOUKUCD
IOUKUCE
IOUKUCF
IOUKVAD
IOUKVAE
IOUKVAF
IOUKVBD
IOUKVBE
IOUKVBF
IOUKVCD
IOUKVCE
IOUKVCF
IOULTAD
IOULTAE
IOULTAF
IOULTBD
IOULTBE
IOULTBF
IOULTCD
IOULTCE
IOULTCF
IOULUAD
IOULUAE
IOULUAF
IOULUBD
IOULUBE
IOULUBF
IOULUCD
IOULUCE
IOULUCF
IOULVAD
IOULVAE
IOULVAF
IOULVBD
IOULVBE
IOULVBF
IOULVCD
IOULVCE
IOULVCF
IOVJTAD
IOVJTAE
IOVJTAF
IOVJTBD
IOVJTBE
IOVJTBF
IOVJTCD
IOVJTCE
IOVJTCF
IOVJUAD
IOVJUAE
IOVJUAF
IOVJUBD
IOVJUBE
IOVJUBF
IOVJUCD
IOVJUCE
IOVJUCF
IOVJVAD
IOVJVAE
IOVJVAF
IOVJVBD
IOVJVBE
IOVJVBF
IOVJVCD
IOVJVCE
IOVJVCF
IOVKTAD
IOVKTAE
IOVKTAF
IOVKTBD
IOVKTBE
IOVKTBF
IOVKTCD
IOVKTCE
IOVKTCF
IOVKUAD
IOVKUAE
IOVKUAF
IOVKUBD
IOVKUBE
IOVKUBF
IOVKUCD
IOVKUCE
IOVKUCF
IOVKVAD
IOVKVAE
IOVKVAF
IOVKVBD
IOVKVBE
IOVKVBF
IOVKVCD
IOVKVCE
IOVKVCF
IOVLTAD
IOVLTAE
IOVLTAF
IOVLTBD
IOVLTBE
IOVLTBF
IOVLTCD
IOVLTCE
IOVLTCF
IOVLUAD
IOVLUAE
IOVLUAF
IOVLUBD
IOVLUBE
IOVLUBF
IOVLUCD
IOVLUCE
IOVLUCF
IOVLVAD
IOVLVAE
IOVLVAF
IOVLVBD
IOVLVBE
IOVLVBF
IOVLVCD
IOVLVCE
IOVLVCF

Phone number is 468-5823